<?xml version="1.0" encoding="UTF-8"?>
<coverage generated="1704963066243" clover="3.2.0">
  <project timestamp="1704963066243" name="All files">
    <metrics statements="107" coveredstatements="107" conditionals="53" coveredconditionals="53" methods="19" coveredmethods="19" elements="179" coveredelements="179" complexity="0" loc="107" ncloc="107" packages="2" files="5" classes="5"/>
    <package name="src">
      <metrics statements="36" coveredstatements="36" conditionals="19" coveredconditionals="19" methods="5" coveredmethods="5"/>
      <file name="index.js" path="/home/svetlenkaja/Documents/Frontend/projects/frontend-project-46/src/index.js">
        <metrics statements="31" coveredstatements="31" conditionals="15" coveredconditionals="15" methods="4" coveredmethods="4"/>
        <line num="10" count="1" type="stmt"/>
        <line num="11" count="11" type="stmt"/>
        <line num="12" count="11" type="stmt"/>
        <line num="13" count="11" type="stmt"/>
        <line num="16" count="1" type="stmt"/>
        <line num="17" count="25" type="stmt"/>
        <line num="18" count="25" type="stmt"/>
        <line num="20" count="90" type="stmt"/>
        <line num="21" count="90" type="stmt"/>
        <line num="22" count="90" type="cond" truecount="2" falsecount="0"/>
        <line num="23" count="15" type="stmt"/>
        <line num="24" count="15" type="stmt"/>
        <line num="26" count="75" type="cond" truecount="4" falsecount="0"/>
        <line num="27" count="25" type="stmt"/>
        <line num="28" count="25" type="stmt"/>
        <line num="30" count="50" type="cond" truecount="4" falsecount="0"/>
        <line num="31" count="10" type="stmt"/>
        <line num="32" count="10" type="stmt"/>
        <line num="34" count="40" type="cond" truecount="4" falsecount="0"/>
        <line num="35" count="20" type="stmt"/>
        <line num="36" count="20" type="stmt"/>
        <line num="37" count="20" type="stmt"/>
        <line num="39" count="20" type="stmt"/>
        <line num="42" count="20" type="stmt"/>
        <line num="44" count="25" type="stmt"/>
        <line num="48" count="6" type="stmt"/>
        <line num="49" count="5" type="stmt"/>
        <line num="51" count="5" type="stmt"/>
        <line num="52" count="5" type="stmt"/>
        <line num="54" count="5" type="stmt"/>
        <line num="56" count="5" type="stmt"/>
      </file>
      <file name="parsers.js" path="/home/svetlenkaja/Documents/Frontend/projects/frontend-project-46/src/parsers.js">
        <metrics statements="5" coveredstatements="5" conditionals="4" coveredconditionals="4" methods="1" coveredmethods="1"/>
        <line num="3" count="2" type="stmt"/>
        <line num="4" count="11" type="cond" truecount="4" falsecount="0"/>
        <line num="6" count="8" type="stmt"/>
        <line num="9" count="2" type="stmt"/>
        <line num="11" count="1" type="stmt"/>
      </file>
    </package>
    <package name="src.formatters">
      <metrics statements="71" coveredstatements="71" conditionals="34" coveredconditionals="34" methods="14" coveredmethods="14"/>
      <file name="index.js" path="/home/svetlenkaja/Documents/Frontend/projects/frontend-project-46/src/formatters/index.js">
        <metrics statements="5" coveredstatements="5" conditionals="3" coveredconditionals="3" methods="1" coveredmethods="1"/>
        <line num="4" count="1" type="stmt"/>
        <line num="5" count="5" type="cond" truecount="3" falsecount="0"/>
        <line num="7" count="3" type="stmt"/>
        <line num="9" count="1" type="stmt"/>
        <line num="11" count="1" type="stmt"/>
      </file>
      <file name="plain.js" path="/home/svetlenkaja/Documents/Frontend/projects/frontend-project-46/src/formatters/plain.js">
        <metrics statements="19" coveredstatements="19" conditionals="14" coveredconditionals="14" methods="5" coveredmethods="5"/>
        <line num="3" count="10" type="cond" truecount="2" falsecount="0"/>
        <line num="5" count="13" type="cond" truecount="2" falsecount="0"/>
        <line num="7" count="1" type="stmt"/>
        <line num="8" count="1" type="stmt"/>
        <line num="9" count="5" type="stmt"/>
        <line num="10" count="18" type="stmt"/>
        <line num="11" count="18" type="cond" truecount="2" falsecount="0"/>
        <line num="13" count="18" type="cond" truecount="2" falsecount="0"/>
        <line num="14" count="4" type="stmt"/>
        <line num="15" count="4" type="stmt"/>
        <line num="18" count="14" type="cond" truecount="2" falsecount="0"/>
        <line num="19" count="4" type="stmt"/>
        <line num="22" count="10" type="cond" truecount="2" falsecount="0"/>
        <line num="23" count="5" type="stmt"/>
        <line num="26" count="5" type="cond" truecount="2" falsecount="0"/>
        <line num="27" count="2" type="stmt"/>
        <line num="30" count="3" type="stmt"/>
        <line num="32" count="5" type="stmt"/>
        <line num="34" count="1" type="stmt"/>
      </file>
      <file name="stylish.js" path="/home/svetlenkaja/Documents/Frontend/projects/frontend-project-46/src/formatters/stylish.js">
        <metrics statements="47" coveredstatements="47" conditionals="17" coveredconditionals="17" methods="8" coveredmethods="8"/>
        <line num="3" count="1" type="stmt"/>
        <line num="4" count="1" type="stmt"/>
        <line num="5" count="1" type="stmt"/>
        <line num="6" count="1" type="stmt"/>
        <line num="7" count="1" type="stmt"/>
        <line num="9" count="1" type="stmt"/>
        <line num="10" count="42" type="cond" truecount="2" falsecount="0"/>
        <line num="11" count="15" type="stmt"/>
        <line num="13" count="27" type="cond" truecount="2" falsecount="0"/>
        <line num="14" count="6" type="stmt"/>
        <line num="16" count="21" type="stmt"/>
        <line num="19" count="1" type="cond" truecount="1" falsecount="0"/>
        <line num="20" count="132" type="cond" truecount="2" falsecount="0"/>
        <line num="21" count="132" type="stmt"/>
        <line num="24" count="1" type="stmt"/>
        <line num="25" count="21" type="stmt"/>
        <line num="26" count="21" type="stmt"/>
        <line num="27" count="21" type="stmt"/>
        <line num="28" count="27" type="cond" truecount="2" falsecount="0"/>
        <line num="29" count="9" type="stmt"/>
        <line num="30" count="9" type="stmt"/>
        <line num="32" count="18" type="stmt"/>
        <line num="34" count="21" type="stmt"/>
        <line num="37" count="1" type="stmt"/>
        <line num="38" count="24" type="cond" truecount="2" falsecount="0"/>
        <line num="39" count="3" type="stmt"/>
        <line num="41" count="21" type="stmt"/>
        <line num="44" count="1" type="stmt"/>
        <line num="45" count="3" type="stmt"/>
        <line num="46" count="15" type="stmt"/>
        <line num="47" count="54" type="stmt"/>
        <line num="48" count="54" type="stmt"/>
        <line num="50" count="54" type="stmt"/>
        <line num="52" count="54" type="cond" truecount="2" falsecount="0"/>
        <line num="53" count="12" type="stmt"/>
        <line num="54" count="12" type="stmt"/>
        <line num="55" count="12" type="stmt"/>
        <line num="58" count="42" type="stmt"/>
        <line num="60" count="42" type="cond" truecount="2" falsecount="0"/>
        <line num="61" count="12" type="stmt"/>
        <line num="62" count="12" type="stmt"/>
        <line num="65" count="30" type="cond" truecount="2" falsecount="0"/>
        <line num="66" count="9" type="stmt"/>
        <line num="67" count="9" type="stmt"/>
        <line num="69" count="21" type="stmt"/>
        <line num="71" count="15" type="stmt"/>
        <line num="73" count="3" type="stmt"/>
      </file>
    </package>
  </project>
</coverage>
