{"/home/svetlenkaja/Documents/Frontend/projects/frontend-project-46/src/index.js": {"path":"/home/svetlenkaja/Documents/Frontend/projects/frontend-project-46/src/index.js","statementMap":{"0":{"start":{"line":10,"column":16},"end":{"line":14,"column":1}},"1":{"start":{"line":11,"column":18},"end":{"line":11,"column":23}},"2":{"start":{"line":12,"column":23},"end":{"line":12,"column":45}},"3":{"start":{"line":13,"column":2},"end":{"line":13,"column":44}},"4":{"start":{"line":16,"column":16},"end":{"line":45,"column":1}},"5":{"start":{"line":17,"column":15},"end":{"line":17,"column":70}},"6":{"start":{"line":18,"column":17},"end":{"line":43,"column":10}},"7":{"start":{"line":20,"column":21},"end":{"line":20,"column":30}},"8":{"start":{"line":21,"column":21},"end":{"line":21,"column":30}},"9":{"start":{"line":22,"column":6},"end":{"line":25,"column":7}},"10":{"start":{"line":23,"column":8},"end":{"line":23,"column":60}},"11":{"start":{"line":24,"column":8},"end":{"line":24,"column":19}},"12":{"start":{"line":26,"column":6},"end":{"line":29,"column":7}},"13":{"start":{"line":27,"column":8},"end":{"line":27,"column":56}},"14":{"start":{"line":28,"column":8},"end":{"line":28,"column":19}},"15":{"start":{"line":30,"column":6},"end":{"line":33,"column":7}},"16":{"start":{"line":31,"column":8},"end":{"line":31,"column":58}},"17":{"start":{"line":32,"column":8},"end":{"line":32,"column":19}},"18":{"start":{"line":34,"column":6},"end":{"line":38,"column":7}},"19":{"start":{"line":35,"column":25},"end":{"line":35,"column":48}},"20":{"start":{"line":36,"column":8},"end":{"line":36,"column":59}},"21":{"start":{"line":37,"column":8},"end":{"line":37,"column":19}},"22":{"start":{"line":39,"column":6},"end":{"line":41,"column":9}},"23":{"start":{"line":42,"column":6},"end":{"line":42,"column":17}},"24":{"start":{"line":44,"column":2},"end":{"line":44,"column":23}},"25":{"start":{"line":48,"column":16},"end":{"line":48,"column":34}},"26":{"start":{"line":49,"column":16},"end":{"line":49,"column":34}},"27":{"start":{"line":51,"column":15},"end":{"line":51,"column":51}},"28":{"start":{"line":52,"column":15},"end":{"line":52,"column":51}},"29":{"start":{"line":54,"column":17},"end":{"line":54,"column":36}},"30":{"start":{"line":55,"column":2},"end":{"line":55,"column":35}}},"fnMap":{"0":{"name":"(anonymous_0)","decl":{"start":{"line":10,"column":16},"end":{"line":10,"column":17}},"loc":{"start":{"line":10,"column":26},"end":{"line":14,"column":1}},"line":10},"1":{"name":"(anonymous_1)","decl":{"start":{"line":16,"column":16},"end":{"line":16,"column":17}},"loc":{"start":{"line":16,"column":32},"end":{"line":45,"column":1}},"line":16},"2":{"name":"(anonymous_2)","decl":{"start":{"line":19,"column":12},"end":{"line":19,"column":13}},"loc":{"start":{"line":19,"column":26},"end":{"line":43,"column":5}},"line":19},"3":{"name":"(anonymous_3)","decl":{"start":{"line":47,"column":15},"end":{"line":47,"column":16}},"loc":{"start":{"line":47,"column":61},"end":{"line":56,"column":1}},"line":47}},"branchMap":{"0":{"loc":{"start":{"line":22,"column":6},"end":{"line":25,"column":7}},"type":"if","locations":[{"start":{"line":22,"column":6},"end":{"line":25,"column":7}},{"start":{},"end":{}}],"line":22},"1":{"loc":{"start":{"line":26,"column":6},"end":{"line":29,"column":7}},"type":"if","locations":[{"start":{"line":26,"column":6},"end":{"line":29,"column":7}},{"start":{},"end":{}}],"line":26},"2":{"loc":{"start":{"line":26,"column":10},"end":{"line":26,"column":47}},"type":"binary-expr","locations":[{"start":{"line":26,"column":10},"end":{"line":26,"column":27}},{"start":{"line":26,"column":31},"end":{"line":26,"column":47}}],"line":26},"3":{"loc":{"start":{"line":30,"column":6},"end":{"line":33,"column":7}},"type":"if","locations":[{"start":{"line":30,"column":6},"end":{"line":33,"column":7}},{"start":{},"end":{}}],"line":30},"4":{"loc":{"start":{"line":30,"column":10},"end":{"line":30,"column":47}},"type":"binary-expr","locations":[{"start":{"line":30,"column":10},"end":{"line":30,"column":26}},{"start":{"line":30,"column":30},"end":{"line":30,"column":47}}],"line":30},"5":{"loc":{"start":{"line":34,"column":6},"end":{"line":38,"column":7}},"type":"if","locations":[{"start":{"line":34,"column":6},"end":{"line":38,"column":7}},{"start":{},"end":{}}],"line":34},"6":{"loc":{"start":{"line":34,"column":10},"end":{"line":34,"column":50}},"type":"binary-expr","locations":[{"start":{"line":34,"column":10},"end":{"line":34,"column":28}},{"start":{"line":34,"column":32},"end":{"line":34,"column":50}}],"line":34},"7":{"loc":{"start":{"line":47,"column":38},"end":{"line":47,"column":56}},"type":"default-arg","locations":[{"start":{"line":47,"column":47},"end":{"line":47,"column":56}}],"line":47}},"s":{"0":1,"1":15,"2":15,"3":15,"4":1,"5":35,"6":35,"7":126,"8":126,"9":126,"10":21,"11":21,"12":105,"13":35,"14":35,"15":70,"16":14,"17":14,"18":56,"19":28,"20":28,"21":28,"22":28,"23":28,"24":35,"25":8,"26":7,"27":7,"28":7,"29":7,"30":7},"f":{"0":15,"1":35,"2":126,"3":8},"b":{"0":[21,105],"1":[35,70],"2":[105,35],"3":[14,56],"4":[70,70],"5":[28,28],"6":[56,35],"7":[3]},"_coverageSchema":"1a1c01bbd47fc00a2c39e90264f33305004495a9","hash":"fb08d284232fbbc9f444c645bdea53070bc40c45"}
,"/home/svetlenkaja/Documents/Frontend/projects/frontend-project-46/src/parsers.js": {"path":"/home/svetlenkaja/Documents/Frontend/projects/frontend-project-46/src/parsers.js","statementMap":{"0":{"start":{"line":3,"column":18},"end":{"line":13,"column":1}},"1":{"start":{"line":4,"column":2},"end":{"line":12,"column":3}},"2":{"start":{"line":6,"column":6},"end":{"line":6,"column":30}},"3":{"start":{"line":9,"column":6},"end":{"line":9,"column":29}},"4":{"start":{"line":11,"column":6},"end":{"line":11,"column":45}}},"fnMap":{"0":{"name":"(anonymous_0)","decl":{"start":{"line":3,"column":18},"end":{"line":3,"column":19}},"loc":{"start":{"line":3,"column":36},"end":{"line":13,"column":1}},"line":3}},"branchMap":{"0":{"loc":{"start":{"line":4,"column":2},"end":{"line":12,"column":3}},"type":"switch","locations":[{"start":{"line":5,"column":4},"end":{"line":6,"column":30}},{"start":{"line":7,"column":4},"end":{"line":7,"column":16}},{"start":{"line":8,"column":4},"end":{"line":9,"column":29}},{"start":{"line":10,"column":4},"end":{"line":11,"column":45}}],"line":4}},"s":{"0":2,"1":15,"2":11,"3":3,"4":1},"f":{"0":15},"b":{"0":[11,1,3,1]},"_coverageSchema":"1a1c01bbd47fc00a2c39e90264f33305004495a9","hash":"6f95519b4bbf4b23976325ab524d55bf7f5f6898"}
,"/home/svetlenkaja/Documents/Frontend/projects/frontend-project-46/src/formatters/index.js": {"path":"/home/svetlenkaja/Documents/Frontend/projects/frontend-project-46/src/formatters/index.js","statementMap":{"0":{"start":{"line":5,"column":18},"end":{"line":16,"column":1}},"1":{"start":{"line":6,"column":2},"end":{"line":15,"column":3}},"2":{"start":{"line":8,"column":6},"end":{"line":8,"column":28}},"3":{"start":{"line":10,"column":6},"end":{"line":10,"column":26}},"4":{"start":{"line":12,"column":6},"end":{"line":12,"column":25}},"5":{"start":{"line":14,"column":6},"end":{"line":14,"column":48}}},"fnMap":{"0":{"name":"(anonymous_0)","decl":{"start":{"line":5,"column":18},"end":{"line":5,"column":19}},"loc":{"start":{"line":5,"column":37},"end":{"line":16,"column":1}},"line":5}},"branchMap":{"0":{"loc":{"start":{"line":6,"column":2},"end":{"line":15,"column":3}},"type":"switch","locations":[{"start":{"line":7,"column":4},"end":{"line":8,"column":28}},{"start":{"line":9,"column":4},"end":{"line":10,"column":26}},{"start":{"line":11,"column":4},"end":{"line":12,"column":25}},{"start":{"line":13,"column":4},"end":{"line":14,"column":48}}],"line":6}},"s":{"0":1,"1":7,"2":4,"3":1,"4":1,"5":1},"f":{"0":7},"b":{"0":[4,1,1,1]},"_coverageSchema":"1a1c01bbd47fc00a2c39e90264f33305004495a9","hash":"b277726eee2492b4071b1218311e3e864a0407f7"}
,"/home/svetlenkaja/Documents/Frontend/projects/frontend-project-46/src/formatters/json.js": {"path":"/home/svetlenkaja/Documents/Frontend/projects/frontend-project-46/src/formatters/json.js","statementMap":{"0":{"start":{"line":1,"column":27},"end":{"line":1,"column":49}}},"fnMap":{"0":{"name":"(anonymous_0)","decl":{"start":{"line":1,"column":15},"end":{"line":1,"column":16}},"loc":{"start":{"line":1,"column":27},"end":{"line":1,"column":49}},"line":1}},"branchMap":{},"s":{"0":1},"f":{"0":1},"b":{},"_coverageSchema":"1a1c01bbd47fc00a2c39e90264f33305004495a9","hash":"e38f397b0997c42a577bcfbcc0193d09b2ea0f2d"}
,"/home/svetlenkaja/Documents/Frontend/projects/frontend-project-46/src/formatters/plain.js": {"path":"/home/svetlenkaja/Documents/Frontend/projects/frontend-project-46/src/formatters/plain.js","statementMap":{"0":{"start":{"line":3,"column":23},"end":{"line":3,"column":68}},"1":{"start":{"line":3,"column":33},"end":{"line":3,"column":67}},"2":{"start":{"line":5,"column":17},"end":{"line":5,"column":91}},"3":{"start":{"line":5,"column":29},"end":{"line":5,"column":90}},"4":{"start":{"line":7,"column":14},"end":{"line":35,"column":1}},"5":{"start":{"line":8,"column":20},"end":{"line":33,"column":3}},"6":{"start":{"line":9,"column":19},"end":{"line":31,"column":6}},"7":{"start":{"line":10,"column":23},"end":{"line":10,"column":27}},"8":{"start":{"line":11,"column":18},"end":{"line":11,"column":81}},"9":{"start":{"line":13,"column":6},"end":{"line":16,"column":7}},"10":{"start":{"line":14,"column":25},"end":{"line":14,"column":51}},"11":{"start":{"line":15,"column":8},"end":{"line":15,"column":24}},"12":{"start":{"line":18,"column":6},"end":{"line":20,"column":7}},"13":{"start":{"line":19,"column":8},"end":{"line":19,"column":110}},"14":{"start":{"line":22,"column":6},"end":{"line":24,"column":7}},"15":{"start":{"line":23,"column":8},"end":{"line":23,"column":81}},"16":{"start":{"line":26,"column":6},"end":{"line":28,"column":7}},"17":{"start":{"line":27,"column":8},"end":{"line":27,"column":47}},"18":{"start":{"line":30,"column":6},"end":{"line":30,"column":16}},"19":{"start":{"line":32,"column":4},"end":{"line":32,"column":29}},"20":{"start":{"line":34,"column":2},"end":{"line":34,"column":31}}},"fnMap":{"0":{"name":"(anonymous_0)","decl":{"start":{"line":3,"column":23},"end":{"line":3,"column":24}},"loc":{"start":{"line":3,"column":33},"end":{"line":3,"column":67}},"line":3},"1":{"name":"(anonymous_1)","decl":{"start":{"line":5,"column":17},"end":{"line":5,"column":18}},"loc":{"start":{"line":5,"column":29},"end":{"line":5,"column":90}},"line":5},"2":{"name":"(anonymous_2)","decl":{"start":{"line":7,"column":14},"end":{"line":7,"column":15}},"loc":{"start":{"line":7,"column":25},"end":{"line":35,"column":1}},"line":7},"3":{"name":"(anonymous_3)","decl":{"start":{"line":8,"column":20},"end":{"line":8,"column":21}},"loc":{"start":{"line":8,"column":40},"end":{"line":33,"column":3}},"line":8},"4":{"name":"(anonymous_4)","decl":{"start":{"line":9,"column":31},"end":{"line":9,"column":32}},"loc":{"start":{"line":9,"column":41},"end":{"line":31,"column":5}},"line":9}},"branchMap":{"0":{"loc":{"start":{"line":3,"column":33},"end":{"line":3,"column":67}},"type":"cond-expr","locations":[{"start":{"line":3,"column":51},"end":{"line":3,"column":61}},{"start":{"line":3,"column":64},"end":{"line":3,"column":67}}],"line":3},"1":{"loc":{"start":{"line":5,"column":29},"end":{"line":5,"column":90}},"type":"cond-expr","locations":[{"start":{"line":5,"column":49},"end":{"line":5,"column":66}},{"start":{"line":5,"column":69},"end":{"line":5,"column":90}}],"line":5},"2":{"loc":{"start":{"line":11,"column":18},"end":{"line":11,"column":81}},"type":"cond-expr","locations":[{"start":{"line":11,"column":44},"end":{"line":11,"column":52}},{"start":{"line":11,"column":55},"end":{"line":11,"column":81}}],"line":11},"3":{"loc":{"start":{"line":13,"column":6},"end":{"line":16,"column":7}},"type":"if","locations":[{"start":{"line":13,"column":6},"end":{"line":16,"column":7}},{"start":{},"end":{}}],"line":13},"4":{"loc":{"start":{"line":18,"column":6},"end":{"line":20,"column":7}},"type":"if","locations":[{"start":{"line":18,"column":6},"end":{"line":20,"column":7}},{"start":{},"end":{}}],"line":18},"5":{"loc":{"start":{"line":22,"column":6},"end":{"line":24,"column":7}},"type":"if","locations":[{"start":{"line":22,"column":6},"end":{"line":24,"column":7}},{"start":{},"end":{}}],"line":22},"6":{"loc":{"start":{"line":26,"column":6},"end":{"line":28,"column":7}},"type":"if","locations":[{"start":{"line":26,"column":6},"end":{"line":28,"column":7}},{"start":{},"end":{}}],"line":26}},"s":{"0":1,"1":10,"2":1,"3":13,"4":1,"5":1,"6":5,"7":18,"8":18,"9":18,"10":4,"11":4,"12":14,"13":4,"14":10,"15":5,"16":5,"17":2,"18":3,"19":5,"20":1},"f":{"0":10,"1":13,"2":1,"3":5,"4":18},"b":{"0":[7,3],"1":[3,10],"2":[4,14],"3":[4,14],"4":[4,10],"5":[5,5],"6":[2,3]},"_coverageSchema":"1a1c01bbd47fc00a2c39e90264f33305004495a9","hash":"d3629104f28e57e98d353ece3849905fb02ead96"}
,"/home/svetlenkaja/Documents/Frontend/projects/frontend-project-46/src/formatters/stylish.js": {"path":"/home/svetlenkaja/Documents/Frontend/projects/frontend-project-46/src/formatters/stylish.js","statementMap":{"0":{"start":{"line":3,"column":13},"end":{"line":3,"column":16}},"1":{"start":{"line":4,"column":14},"end":{"line":4,"column":17}},"2":{"start":{"line":5,"column":14},"end":{"line":5,"column":17}},"3":{"start":{"line":6,"column":14},"end":{"line":6,"column":15}},"4":{"start":{"line":7,"column":24},"end":{"line":7,"column":25}},"5":{"start":{"line":9,"column":16},"end":{"line":17,"column":1}},"6":{"start":{"line":10,"column":2},"end":{"line":12,"column":3}},"7":{"start":{"line":11,"column":4},"end":{"line":11,"column":16}},"8":{"start":{"line":13,"column":2},"end":{"line":15,"column":3}},"9":{"start":{"line":14,"column":4},"end":{"line":14,"column":17}},"10":{"start":{"line":16,"column":2},"end":{"line":16,"column":15}},"11":{"start":{"line":19,"column":18},"end":{"line":22,"column":1}},"12":{"start":{"line":20,"column":21},"end":{"line":20,"column":40}},"13":{"start":{"line":21,"column":2},"end":{"line":21,"column":60}},"14":{"start":{"line":24,"column":18},"end":{"line":35,"column":1}},"15":{"start":{"line":25,"column":17},"end":{"line":25,"column":33}},"16":{"start":{"line":26,"column":15},"end":{"line":26,"column":31}},"17":{"start":{"line":27,"column":17},"end":{"line":33,"column":4}},"18":{"start":{"line":28,"column":4},"end":{"line":31,"column":5}},"19":{"start":{"line":29,"column":23},"end":{"line":29,"column":53}},"20":{"start":{"line":30,"column":6},"end":{"line":30,"column":59}},"21":{"start":{"line":32,"column":4},"end":{"line":32,"column":42}},"22":{"start":{"line":34,"column":2},"end":{"line":34,"column":27}},"23":{"start":{"line":37,"column":23},"end":{"line":42,"column":1}},"24":{"start":{"line":38,"column":2},"end":{"line":40,"column":3}},"25":{"start":{"line":39,"column":4},"end":{"line":39,"column":69}},"26":{"start":{"line":41,"column":2},"end":{"line":41,"column":15}},"27":{"start":{"line":44,"column":16},"end":{"line":74,"column":1}},"28":{"start":{"line":45,"column":20},"end":{"line":72,"column":3}},"29":{"start":{"line":46,"column":19},"end":{"line":70,"column":6}},"30":{"start":{"line":47,"column":21},"end":{"line":47,"column":37}},"31":{"start":{"line":48,"column":26},"end":{"line":48,"column":48}},"32":{"start":{"line":50,"column":23},"end":{"line":50,"column":27}},"33":{"start":{"line":52,"column":6},"end":{"line":56,"column":7}},"34":{"start":{"line":53,"column":25},"end":{"line":53,"column":61}},"35":{"start":{"line":54,"column":25},"end":{"line":54,"column":61}},"36":{"start":{"line":55,"column":8},"end":{"line":55,"column":113}},"37":{"start":{"line":58,"column":18},"end":{"line":58,"column":62}},"38":{"start":{"line":60,"column":6},"end":{"line":63,"column":7}},"39":{"start":{"line":61,"column":25},"end":{"line":61,"column":57}},"40":{"start":{"line":62,"column":8},"end":{"line":62,"column":52}},"41":{"start":{"line":65,"column":6},"end":{"line":68,"column":7}},"42":{"start":{"line":66,"column":25},"end":{"line":66,"column":57}},"43":{"start":{"line":67,"column":8},"end":{"line":67,"column":52}},"44":{"start":{"line":69,"column":6},"end":{"line":69,"column":37}},"45":{"start":{"line":71,"column":4},"end":{"line":71,"column":29}},"46":{"start":{"line":73,"column":2},"end":{"line":73,"column":40}}},"fnMap":{"0":{"name":"(anonymous_0)","decl":{"start":{"line":9,"column":16},"end":{"line":9,"column":17}},"loc":{"start":{"line":9,"column":26},"end":{"line":17,"column":1}},"line":9},"1":{"name":"(anonymous_1)","decl":{"start":{"line":19,"column":18},"end":{"line":19,"column":19}},"loc":{"start":{"line":19,"column":46},"end":{"line":22,"column":1}},"line":19},"2":{"name":"(anonymous_2)","decl":{"start":{"line":24,"column":18},"end":{"line":24,"column":19}},"loc":{"start":{"line":24,"column":34},"end":{"line":35,"column":1}},"line":24},"3":{"name":"(anonymous_3)","decl":{"start":{"line":27,"column":26},"end":{"line":27,"column":27}},"loc":{"start":{"line":27,"column":35},"end":{"line":33,"column":3}},"line":27},"4":{"name":"(anonymous_4)","decl":{"start":{"line":37,"column":23},"end":{"line":37,"column":24}},"loc":{"start":{"line":37,"column":41},"end":{"line":42,"column":1}},"line":37},"5":{"name":"(anonymous_5)","decl":{"start":{"line":44,"column":16},"end":{"line":44,"column":17}},"loc":{"start":{"line":44,"column":27},"end":{"line":74,"column":1}},"line":44},"6":{"name":"(anonymous_6)","decl":{"start":{"line":45,"column":20},"end":{"line":45,"column":21}},"loc":{"start":{"line":45,"column":36},"end":{"line":72,"column":3}},"line":45},"7":{"name":"(anonymous_7)","decl":{"start":{"line":46,"column":27},"end":{"line":46,"column":28}},"loc":{"start":{"line":46,"column":37},"end":{"line":70,"column":5}},"line":46}},"branchMap":{"0":{"loc":{"start":{"line":10,"column":2},"end":{"line":12,"column":3}},"type":"if","locations":[{"start":{"line":10,"column":2},"end":{"line":12,"column":3}},{"start":{},"end":{}}],"line":10},"1":{"loc":{"start":{"line":13,"column":2},"end":{"line":15,"column":3}},"type":"if","locations":[{"start":{"line":13,"column":2},"end":{"line":15,"column":3}},{"start":{},"end":{}}],"line":13},"2":{"loc":{"start":{"line":19,"column":26},"end":{"line":19,"column":41}},"type":"default-arg","locations":[{"start":{"line":19,"column":36},"end":{"line":19,"column":41}}],"line":19},"3":{"loc":{"start":{"line":20,"column":21},"end":{"line":20,"column":40}},"type":"cond-expr","locations":[{"start":{"line":20,"column":31},"end":{"line":20,"column":36}},{"start":{"line":20,"column":39},"end":{"line":20,"column":40}}],"line":20},"4":{"loc":{"start":{"line":28,"column":4},"end":{"line":31,"column":5}},"type":"if","locations":[{"start":{"line":28,"column":4},"end":{"line":31,"column":5}},{"start":{},"end":{}}],"line":28},"5":{"loc":{"start":{"line":38,"column":2},"end":{"line":40,"column":3}},"type":"if","locations":[{"start":{"line":38,"column":2},"end":{"line":40,"column":3}},{"start":{},"end":{}}],"line":38},"6":{"loc":{"start":{"line":52,"column":6},"end":{"line":56,"column":7}},"type":"if","locations":[{"start":{"line":52,"column":6},"end":{"line":56,"column":7}},{"start":{},"end":{}}],"line":52},"7":{"loc":{"start":{"line":60,"column":6},"end":{"line":63,"column":7}},"type":"if","locations":[{"start":{"line":60,"column":6},"end":{"line":63,"column":7}},{"start":{},"end":{}}],"line":60},"8":{"loc":{"start":{"line":65,"column":6},"end":{"line":68,"column":7}},"type":"if","locations":[{"start":{"line":65,"column":6},"end":{"line":68,"column":7}},{"start":{},"end":{}}],"line":65}},"s":{"0":1,"1":1,"2":1,"3":1,"4":1,"5":1,"6":56,"7":20,"8":36,"9":8,"10":28,"11":1,"12":176,"13":176,"14":1,"15":28,"16":28,"17":28,"18":36,"19":12,"20":12,"21":24,"22":28,"23":1,"24":32,"25":4,"26":28,"27":1,"28":4,"29":20,"30":72,"31":72,"32":72,"33":72,"34":16,"35":16,"36":16,"37":56,"38":56,"39":16,"40":16,"41":40,"42":12,"43":12,"44":28,"45":20,"46":4},"f":{"0":56,"1":176,"2":28,"3":36,"4":32,"5":4,"6":20,"7":72},"b":{"0":[20,36],"1":[8,28],"2":[104],"3":[72,104],"4":[12,24],"5":[4,28],"6":[16,56],"7":[16,40],"8":[12,28]},"_coverageSchema":"1a1c01bbd47fc00a2c39e90264f33305004495a9","hash":"c5b18d4ee71e4e1e503dcbc7336fc88274facacb"}
}
