{"/home/svetlenkaja/Documents/Frontend/projects/frontend-project-46/src/index.js": {"path":"/home/svetlenkaja/Documents/Frontend/projects/frontend-project-46/src/index.js","statementMap":{"0":{"start":{"line":10,"column":16},"end":{"line":14,"column":1}},"1":{"start":{"line":11,"column":18},"end":{"line":11,"column":23}},"2":{"start":{"line":12,"column":23},"end":{"line":12,"column":45}},"3":{"start":{"line":13,"column":2},"end":{"line":13,"column":44}},"4":{"start":{"line":17,"column":16},"end":{"line":17,"column":34}},"5":{"start":{"line":18,"column":16},"end":{"line":18,"column":34}},"6":{"start":{"line":20,"column":15},"end":{"line":20,"column":51}},"7":{"start":{"line":21,"column":15},"end":{"line":21,"column":51}},"8":{"start":{"line":23,"column":19},"end":{"line":23,"column":42}},"9":{"start":{"line":24,"column":18},"end":{"line":24,"column":49}},"10":{"start":{"line":25,"column":15},"end":{"line":68,"column":3}},"11":{"start":{"line":26,"column":16},"end":{"line":66,"column":12}},"12":{"start":{"line":28,"column":23},"end":{"line":28,"column":65}},"13":{"start":{"line":29,"column":23},"end":{"line":29,"column":65}},"14":{"start":{"line":31,"column":8},"end":{"line":37,"column":9}},"15":{"start":{"line":32,"column":28},"end":{"line":32,"column":55}},"16":{"start":{"line":33,"column":27},"end":{"line":33,"column":59}},"17":{"start":{"line":34,"column":27},"end":{"line":34,"column":57}},"18":{"start":{"line":35,"column":10},"end":{"line":35,"column":64}},"19":{"start":{"line":36,"column":10},"end":{"line":36,"column":21}},"20":{"start":{"line":38,"column":8},"end":{"line":50,"column":9}},"21":{"start":{"line":39,"column":10},"end":{"line":48,"column":11}},"22":{"start":{"line":40,"column":12},"end":{"line":40,"column":64}},"23":{"start":{"line":42,"column":12},"end":{"line":44,"column":13}},"24":{"start":{"line":43,"column":14},"end":{"line":43,"column":64}},"25":{"start":{"line":45,"column":12},"end":{"line":47,"column":13}},"26":{"start":{"line":46,"column":14},"end":{"line":46,"column":62}},"27":{"start":{"line":49,"column":10},"end":{"line":49,"column":21}},"28":{"start":{"line":52,"column":8},"end":{"line":64,"column":9}},"29":{"start":{"line":53,"column":28},"end":{"line":53,"column":69}},"30":{"start":{"line":54,"column":10},"end":{"line":54,"column":63}},"31":{"start":{"line":55,"column":10},"end":{"line":57,"column":11}},"32":{"start":{"line":56,"column":12},"end":{"line":56,"column":60}},"33":{"start":{"line":59,"column":28},"end":{"line":59,"column":69}},"34":{"start":{"line":60,"column":10},"end":{"line":60,"column":61}},"35":{"start":{"line":61,"column":10},"end":{"line":63,"column":11}},"36":{"start":{"line":62,"column":12},"end":{"line":62,"column":62}},"37":{"start":{"line":65,"column":8},"end":{"line":65,"column":19}},"38":{"start":{"line":67,"column":4},"end":{"line":67,"column":15}},"39":{"start":{"line":69,"column":17},"end":{"line":69,"column":42}},"40":{"start":{"line":70,"column":2},"end":{"line":70,"column":35}}},"fnMap":{"0":{"name":"(anonymous_0)","decl":{"start":{"line":10,"column":16},"end":{"line":10,"column":17}},"loc":{"start":{"line":10,"column":26},"end":{"line":14,"column":1}},"line":10},"1":{"name":"(anonymous_1)","decl":{"start":{"line":16,"column":15},"end":{"line":16,"column":16}},"loc":{"start":{"line":16,"column":61},"end":{"line":71,"column":1}},"line":16},"2":{"name":"(anonymous_2)","decl":{"start":{"line":25,"column":15},"end":{"line":25,"column":16}},"loc":{"start":{"line":25,"column":39},"end":{"line":68,"column":3}},"line":25},"3":{"name":"(anonymous_3)","decl":{"start":{"line":27,"column":14},"end":{"line":27,"column":15}},"loc":{"start":{"line":27,"column":28},"end":{"line":66,"column":7}},"line":27}},"branchMap":{"0":{"loc":{"start":{"line":16,"column":38},"end":{"line":16,"column":56}},"type":"default-arg","locations":[{"start":{"line":16,"column":47},"end":{"line":16,"column":56}}],"line":16},"1":{"loc":{"start":{"line":28,"column":23},"end":{"line":28,"column":65}},"type":"cond-expr","locations":[{"start":{"line":28,"column":43},"end":{"line":28,"column":53}},{"start":{"line":28,"column":56},"end":{"line":28,"column":65}}],"line":28},"2":{"loc":{"start":{"line":29,"column":23},"end":{"line":29,"column":65}},"type":"cond-expr","locations":[{"start":{"line":29,"column":43},"end":{"line":29,"column":53}},{"start":{"line":29,"column":56},"end":{"line":29,"column":65}}],"line":29},"3":{"loc":{"start":{"line":31,"column":8},"end":{"line":37,"column":9}},"type":"if","locations":[{"start":{"line":31,"column":8},"end":{"line":37,"column":9}},{"start":{},"end":{}}],"line":31},"4":{"loc":{"start":{"line":31,"column":12},"end":{"line":31,"column":68}},"type":"binary-expr","locations":[{"start":{"line":31,"column":12},"end":{"line":31,"column":38}},{"start":{"line":31,"column":42},"end":{"line":31,"column":68}}],"line":31},"5":{"loc":{"start":{"line":38,"column":8},"end":{"line":50,"column":9}},"type":"if","locations":[{"start":{"line":38,"column":8},"end":{"line":50,"column":9}},{"start":{},"end":{}}],"line":38},"6":{"loc":{"start":{"line":38,"column":12},"end":{"line":38,"column":110}},"type":"binary-expr","locations":[{"start":{"line":38,"column":13},"end":{"line":38,"column":39}},{"start":{"line":38,"column":43},"end":{"line":38,"column":58}},{"start":{"line":38,"column":64},"end":{"line":38,"column":90}},{"start":{"line":38,"column":94},"end":{"line":38,"column":109}}],"line":38},"7":{"loc":{"start":{"line":39,"column":10},"end":{"line":48,"column":11}},"type":"if","locations":[{"start":{"line":39,"column":10},"end":{"line":48,"column":11}},{"start":{"line":41,"column":17},"end":{"line":48,"column":11}}],"line":39},"8":{"loc":{"start":{"line":42,"column":12},"end":{"line":44,"column":13}},"type":"if","locations":[{"start":{"line":42,"column":12},"end":{"line":44,"column":13}},{"start":{},"end":{}}],"line":42},"9":{"loc":{"start":{"line":45,"column":12},"end":{"line":47,"column":13}},"type":"if","locations":[{"start":{"line":45,"column":12},"end":{"line":47,"column":13}},{"start":{},"end":{}}],"line":45},"10":{"loc":{"start":{"line":52,"column":8},"end":{"line":64,"column":9}},"type":"if","locations":[{"start":{"line":52,"column":8},"end":{"line":64,"column":9}},{"start":{"line":58,"column":15},"end":{"line":64,"column":9}}],"line":52},"11":{"loc":{"start":{"line":55,"column":10},"end":{"line":57,"column":11}},"type":"if","locations":[{"start":{"line":55,"column":10},"end":{"line":57,"column":11}},{"start":{},"end":{}}],"line":55},"12":{"loc":{"start":{"line":61,"column":10},"end":{"line":63,"column":11}},"type":"if","locations":[{"start":{"line":61,"column":10},"end":{"line":63,"column":11}},{"start":{},"end":{}}],"line":61}},"s":{"0":1,"1":5,"2":5,"3":5,"4":3,"5":2,"6":2,"7":2,"8":2,"9":2,"10":2,"11":24,"12":54,"13":54,"14":54,"15":8,"16":8,"17":8,"18":8,"19":8,"20":46,"21":32,"22":6,"23":26,"24":14,"25":26,"26":18,"27":32,"28":14,"29":6,"30":6,"31":6,"32":2,"33":8,"34":8,"35":8,"36":0,"37":14,"38":24,"39":2,"40":2},"f":{"0":5,"1":3,"2":24,"3":54},"b":{"0":[3],"1":[34,20],"2":[42,12],"3":[8,46],"4":[54,14],"5":[32,14],"6":[46,6,40,10],"7":[6,26],"8":[14,12],"9":[18,8],"10":[6,8],"11":[2,4],"12":[0,8]},"_coverageSchema":"1a1c01bbd47fc00a2c39e90264f33305004495a9","hash":"61c0b78205c462293762fa8027cccea516921919"}
,"/home/svetlenkaja/Documents/Frontend/projects/frontend-project-46/src/parsers.js": {"path":"/home/svetlenkaja/Documents/Frontend/projects/frontend-project-46/src/parsers.js","statementMap":{"0":{"start":{"line":3,"column":18},"end":{"line":13,"column":1}},"1":{"start":{"line":4,"column":2},"end":{"line":12,"column":3}},"2":{"start":{"line":6,"column":6},"end":{"line":6,"column":30}},"3":{"start":{"line":9,"column":6},"end":{"line":9,"column":29}},"4":{"start":{"line":11,"column":6},"end":{"line":11,"column":45}}},"fnMap":{"0":{"name":"(anonymous_0)","decl":{"start":{"line":3,"column":18},"end":{"line":3,"column":19}},"loc":{"start":{"line":3,"column":36},"end":{"line":13,"column":1}},"line":3}},"branchMap":{"0":{"loc":{"start":{"line":4,"column":2},"end":{"line":12,"column":3}},"type":"switch","locations":[{"start":{"line":5,"column":4},"end":{"line":6,"column":30}},{"start":{"line":7,"column":4},"end":{"line":7,"column":16}},{"start":{"line":8,"column":4},"end":{"line":9,"column":29}},{"start":{"line":10,"column":4},"end":{"line":11,"column":45}}],"line":4}},"s":{"0":2,"1":5,"2":2,"3":2,"4":1},"f":{"0":5},"b":{"0":[2,1,2,1]},"_coverageSchema":"1a1c01bbd47fc00a2c39e90264f33305004495a9","hash":"6f95519b4bbf4b23976325ab524d55bf7f5f6898"}
,"/home/svetlenkaja/Documents/Frontend/projects/frontend-project-46/src/formatters/index.js": {"path":"/home/svetlenkaja/Documents/Frontend/projects/frontend-project-46/src/formatters/index.js","statementMap":{"0":{"start":{"line":4,"column":18},"end":{"line":13,"column":1}},"1":{"start":{"line":5,"column":2},"end":{"line":12,"column":3}},"2":{"start":{"line":7,"column":6},"end":{"line":7,"column":28}},"3":{"start":{"line":9,"column":6},"end":{"line":9,"column":26}},"4":{"start":{"line":11,"column":6},"end":{"line":11,"column":18}}},"fnMap":{"0":{"name":"(anonymous_0)","decl":{"start":{"line":4,"column":18},"end":{"line":4,"column":19}},"loc":{"start":{"line":4,"column":37},"end":{"line":13,"column":1}},"line":4}},"branchMap":{"0":{"loc":{"start":{"line":5,"column":2},"end":{"line":12,"column":3}},"type":"switch","locations":[{"start":{"line":6,"column":4},"end":{"line":7,"column":28}},{"start":{"line":8,"column":4},"end":{"line":9,"column":26}},{"start":{"line":10,"column":4},"end":{"line":11,"column":18}}],"line":5}},"s":{"0":1,"1":2,"2":2,"3":0,"4":0},"f":{"0":2},"b":{"0":[2,0,0]},"_coverageSchema":"1a1c01bbd47fc00a2c39e90264f33305004495a9","hash":"c9b1cc6ae6ad9974a3bb1334bfba43f3e514c222"}
,"/home/svetlenkaja/Documents/Frontend/projects/frontend-project-46/src/formatters/plain.js": {"path":"/home/svetlenkaja/Documents/Frontend/projects/frontend-project-46/src/formatters/plain.js","statementMap":{"0":{"start":{"line":1,"column":14},"end":{"line":3,"column":1}}},"fnMap":{"0":{"name":"(anonymous_0)","decl":{"start":{"line":1,"column":14},"end":{"line":1,"column":15}},"loc":{"start":{"line":1,"column":25},"end":{"line":3,"column":1}},"line":1}},"branchMap":{},"s":{"0":1},"f":{"0":0},"b":{},"_coverageSchema":"1a1c01bbd47fc00a2c39e90264f33305004495a9","hash":"0a4e448291ac09e997977c08d63f4a90d37f90e6"}
,"/home/svetlenkaja/Documents/Frontend/projects/frontend-project-46/src/formatters/stylish.js": {"path":"/home/svetlenkaja/Documents/Frontend/projects/frontend-project-46/src/formatters/stylish.js","statementMap":{"0":{"start":{"line":3,"column":13},"end":{"line":3,"column":16}},"1":{"start":{"line":4,"column":14},"end":{"line":4,"column":17}},"2":{"start":{"line":5,"column":14},"end":{"line":5,"column":17}},"3":{"start":{"line":6,"column":14},"end":{"line":6,"column":15}},"4":{"start":{"line":7,"column":24},"end":{"line":7,"column":25}},"5":{"start":{"line":9,"column":16},"end":{"line":17,"column":1}},"6":{"start":{"line":10,"column":2},"end":{"line":12,"column":3}},"7":{"start":{"line":11,"column":4},"end":{"line":11,"column":16}},"8":{"start":{"line":13,"column":2},"end":{"line":15,"column":3}},"9":{"start":{"line":14,"column":4},"end":{"line":14,"column":17}},"10":{"start":{"line":16,"column":2},"end":{"line":16,"column":15}},"11":{"start":{"line":19,"column":16},"end":{"line":38,"column":1}},"12":{"start":{"line":20,"column":20},"end":{"line":34,"column":3}},"13":{"start":{"line":21,"column":28},"end":{"line":32,"column":6}},"14":{"start":{"line":22,"column":30},"end":{"line":22,"column":34}},"15":{"start":{"line":23,"column":19},"end":{"line":23,"column":32}},"16":{"start":{"line":24,"column":24},"end":{"line":24,"column":58}},"17":{"start":{"line":25,"column":28},"end":{"line":25,"column":102}},"18":{"start":{"line":26,"column":6},"end":{"line":30,"column":7}},"19":{"start":{"line":27,"column":25},"end":{"line":27,"column":58}},"20":{"start":{"line":28,"column":35},"end":{"line":28,"column":94}},"21":{"start":{"line":29,"column":8},"end":{"line":29,"column":57}},"22":{"start":{"line":31,"column":6},"end":{"line":31,"column":42}},"23":{"start":{"line":33,"column":4},"end":{"line":33,"column":38}},"24":{"start":{"line":35,"column":17},"end":{"line":35,"column":47}},"25":{"start":{"line":36,"column":2},"end":{"line":36,"column":22}},"26":{"start":{"line":37,"column":2},"end":{"line":37,"column":27}}},"fnMap":{"0":{"name":"(anonymous_0)","decl":{"start":{"line":9,"column":16},"end":{"line":9,"column":17}},"loc":{"start":{"line":9,"column":26},"end":{"line":17,"column":1}},"line":9},"1":{"name":"(anonymous_1)","decl":{"start":{"line":19,"column":16},"end":{"line":19,"column":17}},"loc":{"start":{"line":19,"column":27},"end":{"line":38,"column":1}},"line":19},"2":{"name":"(anonymous_2)","decl":{"start":{"line":20,"column":20},"end":{"line":20,"column":21}},"loc":{"start":{"line":20,"column":48},"end":{"line":34,"column":3}},"line":20},"3":{"name":"(anonymous_3)","decl":{"start":{"line":21,"column":36},"end":{"line":21,"column":37}},"loc":{"start":{"line":21,"column":46},"end":{"line":32,"column":5}},"line":21}},"branchMap":{"0":{"loc":{"start":{"line":10,"column":2},"end":{"line":12,"column":3}},"type":"if","locations":[{"start":{"line":10,"column":2},"end":{"line":12,"column":3}},{"start":{},"end":{}}],"line":10},"1":{"loc":{"start":{"line":13,"column":2},"end":{"line":15,"column":3}},"type":"if","locations":[{"start":{"line":13,"column":2},"end":{"line":15,"column":3}},{"start":{},"end":{}}],"line":13},"2":{"loc":{"start":{"line":24,"column":24},"end":{"line":24,"column":58}},"type":"cond-expr","locations":[{"start":{"line":24,"column":46},"end":{"line":24,"column":51}},{"start":{"line":24,"column":54},"end":{"line":24,"column":58}}],"line":24},"3":{"loc":{"start":{"line":26,"column":6},"end":{"line":30,"column":7}},"type":"if","locations":[{"start":{"line":26,"column":6},"end":{"line":30,"column":7}},{"start":{},"end":{}}],"line":26}},"s":{"0":1,"1":1,"2":1,"3":1,"4":1,"5":1,"6":62,"7":28,"8":34,"9":20,"10":14,"11":1,"12":2,"13":24,"14":62,"15":62,"16":62,"17":62,"18":62,"19":22,"20":22,"21":22,"22":40,"23":24,"24":2,"25":2,"26":2},"f":{"0":62,"1":2,"2":24,"3":62},"b":{"0":[28,34],"1":[20,14],"2":[28,34],"3":[22,40]},"_coverageSchema":"1a1c01bbd47fc00a2c39e90264f33305004495a9","hash":"eed5388f742069d08be6033244339ff797264965"}
}
