TN:
SF:src/index.js
FN:13,(anonymous_0)
FN:19,(anonymous_1)
FN:30,(anonymous_2)
FN:40,(anonymous_3)
FN:50,(anonymous_4)
FNF:5
FNH:5
FNDA:9,(anonymous_0)
FNDA:5,(anonymous_1)
FNDA:3,(anonymous_2)
FNDA:2,(anonymous_3)
FNDA:5,(anonymous_4)
DA:9,1
DA:10,1
DA:11,1
DA:13,1
DA:14,9
DA:15,6
DA:19,1
DA:20,5
DA:21,5
DA:22,1
DA:24,4
DA:25,4
DA:27,5
DA:30,1
DA:31,3
DA:32,3
DA:33,3
DA:34,3
DA:36,1
DA:41,2
DA:42,1
DA:44,1
DA:45,1
DA:47,1
DA:48,1
DA:49,1
DA:51,5
DA:52,5
DA:54,1
LF:29
LH:29
BRDA:14,0,0,6
BRDA:14,0,1,3
BRDA:21,1,0,1
BRDA:21,1,1,4
BRF:4
BRH:4
end_of_record
TN:
SF:src/parse.js
FN:1,(anonymous_0)
FNF:1
FNH:1
FNDA:3,(anonymous_0)
DA:1,2
DA:2,3
DA:4,2
DA:6,1
LF:4
LH:4
BRDA:2,0,0,2
BRDA:2,0,1,1
BRF:2
BRH:2
end_of_record
