TN:
SF:src/index.js
FN:10,(anonymous_0)
FN:16,(anonymous_1)
FN:19,(anonymous_2)
FN:47,(anonymous_3)
FNF:4
FNH:4
FNDA:11,(anonymous_0)
FNDA:25,(anonymous_1)
FNDA:90,(anonymous_2)
FNDA:6,(anonymous_3)
DA:10,1
DA:11,11
DA:12,11
DA:13,11
DA:16,1
DA:17,25
DA:18,25
DA:20,90
DA:21,90
DA:22,90
DA:23,15
DA:24,15
DA:26,75
DA:27,25
DA:28,25
DA:30,50
DA:31,10
DA:32,10
DA:34,40
DA:35,20
DA:36,20
DA:37,20
DA:39,20
DA:42,20
DA:44,25
DA:48,6
DA:49,5
DA:51,5
DA:52,5
DA:54,5
DA:56,5
LF:31
LH:31
BRDA:22,0,0,15
BRDA:22,0,1,75
BRDA:26,1,0,25
BRDA:26,1,1,50
BRDA:26,2,0,75
BRDA:26,2,1,25
BRDA:30,3,0,10
BRDA:30,3,1,40
BRDA:30,4,0,50
BRDA:30,4,1,50
BRDA:34,5,0,20
BRDA:34,5,1,20
BRDA:34,6,0,40
BRDA:34,6,1,25
BRDA:47,7,0,3
BRF:15
BRH:15
end_of_record
TN:
SF:src/parsers.js
FN:3,(anonymous_0)
FNF:1
FNH:1
FNDA:11,(anonymous_0)
DA:3,2
DA:4,11
DA:6,8
DA:9,2
DA:11,1
LF:5
LH:5
BRDA:4,0,0,8
BRDA:4,0,1,1
BRDA:4,0,2,2
BRDA:4,0,3,1
BRF:4
BRH:4
end_of_record
TN:
SF:src/formatters/index.js
FN:4,(anonymous_0)
FNF:1
FNH:1
FNDA:5,(anonymous_0)
DA:4,1
DA:5,5
DA:7,3
DA:9,1
DA:11,1
LF:5
LH:5
BRDA:5,0,0,3
BRDA:5,0,1,1
BRDA:5,0,2,1
BRF:3
BRH:3
end_of_record
TN:
SF:src/formatters/plain.js
FN:3,(anonymous_0)
FN:5,(anonymous_1)
FN:7,(anonymous_2)
FN:8,(anonymous_3)
FN:9,(anonymous_4)
FNF:5
FNH:5
FNDA:10,(anonymous_0)
FNDA:13,(anonymous_1)
FNDA:1,(anonymous_2)
FNDA:5,(anonymous_3)
FNDA:18,(anonymous_4)
DA:3,10
DA:5,13
DA:7,1
DA:8,1
DA:9,5
DA:10,18
DA:11,18
DA:13,18
DA:14,4
DA:15,4
DA:18,14
DA:19,4
DA:22,10
DA:23,5
DA:26,5
DA:27,2
DA:30,3
DA:32,5
DA:34,1
LF:19
LH:19
BRDA:3,0,0,7
BRDA:3,0,1,3
BRDA:5,1,0,3
BRDA:5,1,1,10
BRDA:11,2,0,4
BRDA:11,2,1,14
BRDA:13,3,0,4
BRDA:13,3,1,14
BRDA:18,4,0,4
BRDA:18,4,1,10
BRDA:22,5,0,5
BRDA:22,5,1,5
BRDA:26,6,0,2
BRDA:26,6,1,3
BRF:14
BRH:14
end_of_record
TN:
SF:src/formatters/stylish.js
FN:9,(anonymous_0)
FN:19,(anonymous_1)
FN:24,(anonymous_2)
FN:27,(anonymous_3)
FN:37,(anonymous_4)
FN:44,(anonymous_5)
FN:45,(anonymous_6)
FN:46,(anonymous_7)
FNF:8
FNH:8
FNDA:42,(anonymous_0)
FNDA:132,(anonymous_1)
FNDA:21,(anonymous_2)
FNDA:27,(anonymous_3)
FNDA:24,(anonymous_4)
FNDA:3,(anonymous_5)
FNDA:15,(anonymous_6)
FNDA:54,(anonymous_7)
DA:3,1
DA:4,1
DA:5,1
DA:6,1
DA:7,1
DA:9,1
DA:10,42
DA:11,15
DA:13,27
DA:14,6
DA:16,21
DA:19,1
DA:20,132
DA:21,132
DA:24,1
DA:25,21
DA:26,21
DA:27,21
DA:28,27
DA:29,9
DA:30,9
DA:32,18
DA:34,21
DA:37,1
DA:38,24
DA:39,3
DA:41,21
DA:44,1
DA:45,3
DA:46,15
DA:47,54
DA:48,54
DA:50,54
DA:52,54
DA:53,12
DA:54,12
DA:55,12
DA:58,42
DA:60,42
DA:61,12
DA:62,12
DA:65,30
DA:66,9
DA:67,9
DA:69,21
DA:71,15
DA:73,3
LF:47
LH:47
BRDA:10,0,0,15
BRDA:10,0,1,27
BRDA:13,1,0,6
BRDA:13,1,1,21
BRDA:19,2,0,57
BRDA:20,3,0,54
BRDA:20,3,1,78
BRDA:28,4,0,9
BRDA:28,4,1,18
BRDA:38,5,0,3
BRDA:38,5,1,21
BRDA:52,6,0,12
BRDA:52,6,1,42
BRDA:60,7,0,12
BRDA:60,7,1,30
BRDA:65,8,0,9
BRDA:65,8,1,21
BRF:17
BRH:17
end_of_record
